<?xml version="1.0" encoding="UTF-8"?>
<!-- Generated by org.testng.reporters.JUnitXMLReporter -->
<testsuite hostname="DESKTOP-ARSCS60" ignored="0" name="BankingApp Test" tests="7" failures="4" timestamp="21 Jan 2021 22:27:54 GMT" time="93.286" errors="0">
  <testcase name="loginTest" time="7.124" classname="com.inetbanking.testCases.LoginTest_002">
    <failure type="java.lang.AssertionError" message="expected [true] but found [false]">
      <![CDATA[java.lang.AssertionError: expected [true] but found [false]
at com.inetbanking.testCases.LoginTest_002.loginTest(LoginTest_002.java:36)
... Removed 29 stack frames]]>
    </failure>
  </testcase> <!-- loginTest -->
  <testcase name="loginDDT" time="11.417" classname="com.inetbanking.testCases.TC_LoginDDT_003"/>
  <testcase name="loginDDT" time="5.0" classname="com.inetbanking.testCases.TC_LoginDDT_003">
    <failure type="junit.framework.AssertionFailedError">
      <![CDATA[junit.framework.AssertionFailedError
at junit.framework.Assert.fail(Assert.java:47)
at junit.framework.Assert.assertTrue(Assert.java:20)
at junit.framework.Assert.assertTrue(Assert.java:27)
at com.inetbanking.testCases.TC_LoginDDT_003.loginDDT(TC_LoginDDT_003.java:32)
... Removed 25 stack frames]]>
    </failure>
  </testcase> <!-- loginDDT -->
  <testcase name="loginDDT" time="4.841" classname="com.inetbanking.testCases.TC_LoginDDT_003">
    <failure type="junit.framework.AssertionFailedError">
      <![CDATA[junit.framework.AssertionFailedError
at junit.framework.Assert.fail(Assert.java:47)
at junit.framework.Assert.assertTrue(Assert.java:20)
at junit.framework.Assert.assertTrue(Assert.java:27)
at com.inetbanking.testCases.TC_LoginDDT_003.loginDDT(TC_LoginDDT_003.java:32)
... Removed 25 stack frames]]>
    </failure>
  </testcase> <!-- loginDDT -->
  <testcase name="loginDDT" time="8.953" classname="com.inetbanking.testCases.TC_LoginDDT_003"/>
  <testcase name="loginDDT" time="4.938" classname="com.inetbanking.testCases.TC_LoginDDT_003">
    <failure type="junit.framework.AssertionFailedError">
      <![CDATA[junit.framework.AssertionFailedError
at junit.framework.Assert.fail(Assert.java:47)
at junit.framework.Assert.assertTrue(Assert.java:20)
at junit.framework.Assert.assertTrue(Assert.java:27)
at com.inetbanking.testCases.TC_LoginDDT_003.loginDDT(TC_LoginDDT_003.java:32)
... Removed 25 stack frames]]>
    </failure>
  </testcase> <!-- loginDDT -->
  <testcase name="addNewCustomer" time="21.287" classname="com.inetbanking.testCases.TC_AddCustomerTest_004"/>
</testsuite> <!-- BankingApp Test -->
